<SMS sent to 01064384307> Dear Yasser 4, Welcome to SWVL!
<PROMO sent to 01064384307> Now you can use the promo code SWVL2021.
valid until 20-02-2021
<PROMO sent to 01064384307> Now you can use the promo code SWVL2021.
valid until 20-02-2021
<PROMO sent to 01064384307> الان يمكنك استخدام الرمز الدعائي SWVL2021 
متاح حتى 20-02-2021
<PROMO sent to 01064384307> Now you can use the promo code SWVL2021.
valid until 20-02-2021
<PROMO sent to 01064384307> الان يمكنك استخدام الرمز الدعائي SWVL2021 
متاح حتى 20-02-2021
<PROMO sent to 01064384307> Now you can use the promo code SWVL2021.
valid until 20-02-2021
<PROMO sent to 01064384307> Now you can use the promo code SWVL2021.
valid until 20-02-2021
<SMS sent to 01064384307> Dear Yasser, Welcome to SWVL!
<SMS sent to 01064384307> Dear Yasser, Welcome to SWVL!
<SMS sent to 01064384307> Dear Yasser, Welcome to SWVL!
<SMS sent to 01064384307> Dear Yasser, Welcome to SWVL!
<SMS sent to 01064384307> Dear Yasser, Welcome to SWVL!
<SMS sent to 01064384307> Dear Yasser, Welcome to SWVL!
<SMS sent to 01064384307> Dear Yasser, Welcome to SWVL!
<SMS sent to 01064384307> Dear Yasser, Welcome to SWVL!
<SMS sent to 01064384307> Dear Yasser, Welcome to SWVL!
<SMS sent to 01064384307> Dear Yasser, Welcome to SWVL!
<SMS sent to 01091522823> Dear yasser, Welcome to SWVL!
<SMS sent to 01091522823> Dear yasser, Welcome to SWVL!
<SMS sent to 01091522823> Dear yasser, Welcome to SWVL!
<SMS sent to 01091522823> Dear yasser, Welcome to SWVL!
<SMS sent to 01091522823> Dear yasser, Welcome to SWVL!
<SMS sent to 01091522823> Dear zeby, Welcome to SWVL!
<SMS sent to 01091522823> Dear zeby, Welcome to SWVL!
<SMS sent to 01091522823> Dear zeby, Welcome to SWVL!
<SMS sent to 01091522823> Dear zeby, Welcome to SWVL!
<SMS sent to 01091522823> Dear zeby, Welcome to SWVL!
<SMS sent to 01091522823> Dear zeby, Welcome to SWVL!
<SMS sent to 01091522823> Dear unique, Welcome to SWVL!
<SMS sent to 01091522823> Dear unique, Welcome to SWVL!
<SMS sent to 01091522823> Dear unique, Welcome to SWVL!
<SMS sent to 01091522823> Dear unique, Welcome to SWVL!
<SMS sent to 01091522823> Dear unique, Welcome to SWVL!
<SMS sent to 01091522823> Dear unique, Welcome to SWVL!
<SMS sent to 01091522823> Dear unique, Welcome to SWVL!
<SMS sent to 01091522823> Dear unique, Welcome to SWVL!
<SMS sent to 01091522823> Dear unique, Welcome to SWVL!
<SMS sent to 01091522823> Dear unique, Welcome to SWVL!
<SMS sent to 01091522823> Dear unique, Welcome to SWVL!
<SMS sent to 01091522823> Dear unique, Welcome to SWVL!
<SMS sent to 01091522823> Dear unique, Welcome to SWVL!
<SMS sent to 01091522823> Dear unique, Welcome to SWVL!
<SMS sent to 01091522823> Dear unique, Welcome to SWVL!
<SMS sent to 01091522823> Dear unique, Welcome to SWVL!
<SMS sent to 01091522823> Dear unique, Welcome to SWVL!
<SMS sent to 01091522823> Dear unique, Welcome to SWVL!
<SMS sent to 01091522823> Dear unique, Welcome to SWVL!
<SMS sent to 01091522823> Dear unique, Welcome to SWVL!
<SMS sent to 01091522823> Dear unique, Welcome to SWVL!
<SMS sent to 01091522823> Dear unique, Welcome to SWVL!
<SMS sent to 01091522823> Dear unique, Welcome to SWVL!
<SMS sent to 01091522823> Dear unique, Welcome to SWVL!
<SMS sent to 01091522823> Dear unique, Welcome to SWVL!
<SMS sent to 01091522823> Dear unique, Welcome to SWVL!
<SMS sent to 01091522823> Dear unique, Welcome to SWVL!
<SMS sent to 01091522823> Dear unique, Welcome to SWVL!
<SMS sent to 01091522823> Dear unique, Welcome to SWVL!
<SMS sent to 01091522823> Dear unique, Welcome to SWVL!
<SMS sent to 01091522823> Dear unique, Welcome to SWVL!
<SMS sent to 01091522823> Dear unique, Welcome to SWVL!
<SMS sent to 01091522823> Dear unique, Welcome to SWVL!
<SMS sent to 01091522823> Dear unique, Welcome to SWVL!
<SMS sent to 01091522823> Dear unique, Welcome to SWVL!
<SMS sent to 01091522823> Dear unique, Welcome to SWVL!
<SMS sent to 01091522823> Dear unique, Welcome to SWVL!
<SMS sent to 01091522823> Dear unique, Welcome to SWVL!
<SMS sent to 01091522823> Dear unique, Welcome to SWVL!
<SMS sent to 01091522823> Dear unique, Welcome to SWVL!
<SMS sent to 01091522823> Dear unique, Welcome to SWVL!
<SMS sent to 01091522823> Dear unique, Welcome to SWVL!
<SMS sent to 01091522823> Dear unique, Welcome to SWVL!
<SMS sent to 01091522823> Dear unique, Welcome to SWVL!
<SMS sent to 01091522823> Dear unique, Welcome to SWVL!
<SMS sent to 01091522823> Dear unique, Welcome to SWVL!
<SMS sent to 01091522823> Dear unique, Welcome to SWVL!
<SMS sent to 01091522823> Dear unique, Welcome to SWVL!
<SMS sent to 01091522823> Dear unique, Welcome to SWVL!
<SMS sent to 01091522823> Dear unique, Welcome to SWVL!
<SMS sent to 01091522823> Dear unique, Welcome to SWVL!
<SMS sent to 01091522823> Dear unique, Welcome to SWVL!
<SMS sent to 01091522823> Dear unique, Welcome to SWVL!
<SMS sent to 01091522823> Dear unique, Welcome to SWVL!
<SMS sent to 01091522823> Dear unique, Welcome to SWVL!
<SMS sent to 01091522823> Dear unique, Welcome to SWVL!
<SMS sent to 01091522823> Dear unique, Welcome to SWVL!
<SMS sent to 01091522823> Dear unique, Welcome to SWVL!
<SMS sent to 01091522823> Dear unique, Welcome to SWVL!
<SMS sent to 01091522823> Dear unique, Welcome to SWVL!
<SMS sent to 01091522823> Dear unique, Welcome to SWVL!
<SMS sent to 01091522823> Dear unique, Welcome to SWVL!
<SMS sent to 01091522823> Dear unique, Welcome to SWVL!
<PROMO sent to 01001287771> Now you can use the promo code Test-Promo.
valid until 2021-2-27
<PROMO sent to 01001287771> Now you can use the promo code Test-Promo.
valid until 2021-2-27
<PROMO sent to 01001287771> Now you can use the promo code Test-Promo.
valid until 2021-2-27
<PROMO sent to 01001287771> Now you can use the promo code Test-Promo.
valid until 2021-2-27
<PROMO sent to 01001287771> Now you can use the promo code Test-Promo.
valid until 2021-2-27
<PROMO sent to 01001287771> Now you can use the promo code Test-Promo.
valid until 2021-2-27
<PROMO sent to 01001287771> Now you can use the promo code Test-Promo.
valid until 2021-2-27
<PROMO sent to 01001287771> Now you can use the promo code Test-Promo.
valid until 2021-2-27
<PROMO sent to 01001287771> Now you can use the promo code Test-Promo.
valid until 2021-2-27
<PROMO sent to 01001287771> Now you can use the promo code Test-Promo.
valid until 2021-2-27
<PROMO sent to 01001287771> Now you can use the promo code Test-Promo.
valid until 2021-2-27
<PROMO sent to 01001287771> Now you can use the promo code Test-Promo. valid until 2021-2-27
<PROMO sent to 01001287771> Now you can use the promo code Test-Promo. valid until 2021-2-27
<PROMO sent to 01001287771> Now you can use the promo code Test-Promo. valid until 2021-2-27
<SMS sent to 01091522823> Dear unique, Welcome to SWVL!
<SMS sent to 01091522823> Dear unique, Welcome to SWVL!
<PROMO sent to 01001287771> Now you can use the promo code Test-Promo. valid until 2021-2-27
<SMS sent to 01091522823> Dear unique, Welcome to SWVL!
<PROMO sent to 01001287771> Now you can use the promo code Test-Promo. valid until 2021-2-27
